<?xml version="1.0" encoding="UTF-8"?>
<testsuite xmlns:xsi="http://www.w3.org/2001/XMLSchema-instance" xsi:noNamespaceSchemaLocation="https://maven.apache.org/surefire/maven-surefire-plugin/xsd/surefire-test-report.xsd" name="tomcat_maven.tomcat_maven.AppTest" time="0.006" tests="1" errors="0" skipped="0" failures="0">
  <properties>
    <property name="user.variant" value=""/>
    <property name="java.vm.info" value="mixed mode"/>
    <property name="file.encoding.pkg" value="sun.io"/>
    <property name="file.encoding" value="GBK"/>
    <property name="java.specification.name" value="Java Platform API Specification"/>
    <property name="sun.os.patch.level" value="Service Pack 1"/>
    <property name="user.dir" value="D:\workspace-tomcat\tomcat-maven"/>
    <property name="line.separator" value="&#10;"/>
    <property name="java.home" value="C:\Program Files\Java\jdk1.7.0_80\jre"/>
    <property name="user.name" value="Administrator"/>
    <property name="sun.boot.library.path" value="C:\Program Files\Java\jdk1.7.0_80\jre\bin"/>
    <property name="user.home" value="C:\Users\Administrator"/>
    <property name="localRepository" value="C:\Users\Administrator\.m2\repository"/>
    <property name="sun.java.launcher" value="SUN_STANDARD"/>
    <property name="java.class.version" value="51.0"/>
    <property name="user.language" value="zh"/>
    <property name="java.vendor.url.bug" value="http://bugreport.sun.com/bugreport/"/>
    <property name="sun.jnu.encoding" value="GBK"/>
    <property name="java.io.tmpdir" value="C:\Users\Administrator\AppData\Local\Temp\"/>
    <property name="java.specification.vendor" value="Oracle Corporation"/>
    <property name="file.separator" value="\"/>
    <property name="java.class.path" value="D:\workspace-tomcat\tomcat-maven\target\test-classes;D:\workspace-tomcat\tomcat-maven\target\classes;C:\Users\Administrator\.m2\repository\junit\junit\4.11\junit-4.11.jar;C:\Users\Administrator\.m2\repository\org\hamcrest\hamcrest-core\1.3\hamcrest-core-1.3.jar;C:\Users\Administrator\.m2\repository\org\apache\tomcat\maven\tomcat7-maven-plugin\2.2\tomcat7-maven-plugin-2.2.jar;C:\Users\Administrator\.m2\repository\org\apache\tomcat\embed\tomcat-embed-core\7.0.47\tomcat-embed-core-7.0.47.jar;C:\Users\Administrator\.m2\repository\org\apache\tomcat\tomcat-util\7.0.47\tomcat-util-7.0.47.jar;C:\Users\Administrator\.m2\repository\org\apache\tomcat\tomcat-coyote\7.0.47\tomcat-coyote-7.0.47.jar;C:\Users\Administrator\.m2\repository\org\apache\tomcat\tomcat-api\7.0.47\tomcat-api-7.0.47.jar;C:\Users\Administrator\.m2\repository\org\apache\tomcat\tomcat-jdbc\7.0.47\tomcat-jdbc-7.0.47.jar;C:\Users\Administrator\.m2\repository\org\apache\tomcat\tomcat-dbcp\7.0.47\tomcat-dbcp-7.0.47.jar;C:\Users\Administrator\.m2\repository\org\apache\tomcat\tomcat-servlet-api\7.0.47\tomcat-servlet-api-7.0.47.jar;C:\Users\Administrator\.m2\repository\org\apache\tomcat\tomcat-jsp-api\7.0.47\tomcat-jsp-api-7.0.47.jar;C:\Users\Administrator\.m2\repository\org\apache\tomcat\tomcat-jasper\7.0.47\tomcat-jasper-7.0.47.jar;C:\Users\Administrator\.m2\repository\org\apache\tomcat\tomcat-jasper-el\7.0.47\tomcat-jasper-el-7.0.47.jar;C:\Users\Administrator\.m2\repository\org\apache\tomcat\tomcat-el-api\7.0.47\tomcat-el-api-7.0.47.jar;C:\Users\Administrator\.m2\repository\org\apache\tomcat\tomcat-catalina\7.0.47\tomcat-catalina-7.0.47.jar;C:\Users\Administrator\.m2\repository\org\apache\tomcat\tomcat-tribes\7.0.47\tomcat-tribes-7.0.47.jar;C:\Users\Administrator\.m2\repository\org\apache\tomcat\tomcat-catalina-ha\7.0.47\tomcat-catalina-ha-7.0.47.jar;C:\Users\Administrator\.m2\repository\org\apache\tomcat\tomcat-annotations-api\7.0.47\tomcat-annotations-api-7.0.47.jar;C:\Users\Administrator\.m2\repository\org\apache\tomcat\tomcat-juli\7.0.47\tomcat-juli-7.0.47.jar;C:\Users\Administrator\.m2\repository\org\apache\tomcat\embed\tomcat-embed-logging-juli\7.0.47\tomcat-embed-logging-juli-7.0.47.jar;C:\Users\Administrator\.m2\repository\org\apache\tomcat\embed\tomcat-embed-logging-log4j\7.0.47\tomcat-embed-logging-log4j-7.0.47.jar;C:\Users\Administrator\.m2\repository\org\eclipse\jdt\core\compiler\ecj\4.2.2\ecj-4.2.2.jar;C:\Users\Administrator\.m2\repository\org\apache\tomcat\maven\common-tomcat-maven-plugin\2.2\common-tomcat-maven-plugin-2.2.jar;C:\Users\Administrator\.m2\repository\org\apache\maven\maven-project\2.2.1\maven-project-2.2.1.jar;C:\Users\Administrator\.m2\repository\org\apache\maven\maven-profile\2.2.1\maven-profile-2.2.1.jar;C:\Users\Administrator\.m2\repository\org\apache\maven\maven-artifact-manager\2.2.1\maven-artifact-manager-2.2.1.jar;C:\Users\Administrator\.m2\repository\backport-util-concurrent\backport-util-concurrent\3.1\backport-util-concurrent-3.1.jar;C:\Users\Administrator\.m2\repository\org\apache\maven\maven-plugin-registry\2.2.1\maven-plugin-registry-2.2.1.jar;C:\Users\Administrator\.m2\repository\com\google\guava\guava\10.0.1\guava-10.0.1.jar;C:\Users\Administrator\.m2\repository\com\google\code\findbugs\jsr305\1.3.9\jsr305-1.3.9.jar;C:\Users\Administrator\.m2\repository\org\apache\httpcomponents\httpclient\4.3.1\httpclient-4.3.1.jar;C:\Users\Administrator\.m2\repository\org\apache\httpcomponents\httpcore\4.3\httpcore-4.3.jar;C:\Users\Administrator\.m2\repository\commons-logging\commons-logging\1.1.3\commons-logging-1.1.3.jar;C:\Users\Administrator\.m2\repository\org\codehaus\plexus\plexus-component-annotations\1.5.5\plexus-component-annotations-1.5.5.jar;C:\Users\Administrator\.m2\repository\commons-codec\commons-codec\1.6\commons-codec-1.6.jar;C:\Users\Administrator\.m2\repository\org\apache\tomcat\maven\tomcat7-war-runner\2.2\tomcat7-war-runner-2.2.jar;C:\Users\Administrator\.m2\repository\commons-cli\commons-cli\1.2\commons-cli-1.2.jar;C:\Users\Administrator\.m2\repository\org\apache\maven\maven-plugin-api\2.2.1\maven-plugin-api-2.2.1.jar;C:\Users\Administrator\.m2\repository\org\apache\maven\maven-archiver\2.4.2\maven-archiver-2.4.2.jar;C:\Users\Administrator\.m2\repository\org\apache\maven\maven-artifact\2.0.6\maven-artifact-2.0.6.jar;C:\Users\Administrator\.m2\repository\org\apache\maven\maven-model\2.0.6\maven-model-2.0.6.jar;C:\Users\Administrator\.m2\repository\org\codehaus\plexus\plexus-interpolation\1.13\plexus-interpolation-1.13.jar;C:\Users\Administrator\.m2\repository\org\codehaus\plexus\plexus-classworlds\2.2.2\plexus-classworlds-2.2.2.jar;C:\Users\Administrator\.m2\repository\commons-io\commons-io\2.2\commons-io-2.2.jar;C:\Users\Administrator\.m2\repository\commons-lang\commons-lang\2.6\commons-lang-2.6.jar;C:\Users\Administrator\.m2\repository\org\apache\commons\commons-compress\1.4.1\commons-compress-1.4.1.jar;C:\Users\Administrator\.m2\repository\org\tukaani\xz\1.0\xz-1.0.jar;C:\Users\Administrator\.m2\repository\org\codehaus\plexus\plexus-archiver\2.1.1\plexus-archiver-2.1.1.jar;C:\Users\Administrator\.m2\repository\org\codehaus\plexus\plexus-container-default\1.0-alpha-9-stable-1\plexus-container-default-1.0-alpha-9-stable-1.jar;C:\Users\Administrator\.m2\repository\classworlds\classworlds\1.1-alpha-2\classworlds-1.1-alpha-2.jar;C:\Users\Administrator\.m2\repository\org\codehaus\plexus\plexus-io\2.0.3\plexus-io-2.0.3.jar;C:\Users\Administrator\.m2\repository\org\codehaus\plexus\plexus-utils\3.0.15\plexus-utils-3.0.15.jar;C:\Users\Administrator\.m2\repository\org\apache\maven\shared\maven-filtering\1.0\maven-filtering-1.0.jar;C:\Users\Administrator\.m2\repository\org\apache\maven\maven-core\2.0.6\maven-core-2.0.6.jar;C:\Users\Administrator\.m2\repository\org\apache\maven\wagon\wagon-file\1.0-beta-2\wagon-file-1.0-beta-2.jar;C:\Users\Administrator\.m2\repository\org\apache\maven\maven-plugin-parameter-documenter\2.0.6\maven-plugin-parameter-documenter-2.0.6.jar;C:\Users\Administrator\.m2\repository\org\apache\maven\wagon\wagon-http-lightweight\1.0-beta-2\wagon-http-lightweight-1.0-beta-2.jar;C:\Users\Administrator\.m2\repository\org\apache\maven\wagon\wagon-http-shared\1.0-beta-2\wagon-http-shared-1.0-beta-2.jar;C:\Users\Administrator\.m2\repository\jtidy\jtidy\4aug2000r7-dev\jtidy-4aug2000r7-dev.jar;C:\Users\Administrator\.m2\repository\xml-apis\xml-apis\1.0.b2\xml-apis-1.0.b2.jar;C:\Users\Administrator\.m2\repository\org\apache\maven\reporting\maven-reporting-api\2.0.6\maven-reporting-api-2.0.6.jar;C:\Users\Administrator\.m2\repository\org\apache\maven\doxia\doxia-sink-api\1.0-alpha-7\doxia-sink-api-1.0-alpha-7.jar;C:\Users\Administrator\.m2\repository\org\apache\maven\wagon\wagon-provider-api\1.0-beta-2\wagon-provider-api-1.0-beta-2.jar;C:\Users\Administrator\.m2\repository\org\apache\maven\maven-repository-metadata\2.0.6\maven-repository-metadata-2.0.6.jar;C:\Users\Administrator\.m2\repository\org\apache\maven\maven-error-diagnostics\2.0.6\maven-error-diagnostics-2.0.6.jar;C:\Users\Administrator\.m2\repository\org\apache\maven\wagon\wagon-ssh-external\1.0-beta-2\wagon-ssh-external-1.0-beta-2.jar;C:\Users\Administrator\.m2\repository\org\apache\maven\wagon\wagon-ssh-common\1.0-beta-2\wagon-ssh-common-1.0-beta-2.jar;C:\Users\Administrator\.m2\repository\org\apache\maven\maven-plugin-descriptor\2.0.6\maven-plugin-descriptor-2.0.6.jar;C:\Users\Administrator\.m2\repository\org\codehaus\plexus\plexus-interactivity-api\1.0-alpha-4\plexus-interactivity-api-1.0-alpha-4.jar;C:\Users\Administrator\.m2\repository\org\apache\maven\wagon\wagon-ssh\1.0-beta-2\wagon-ssh-1.0-beta-2.jar;C:\Users\Administrator\.m2\repository\com\jcraft\jsch\0.1.27\jsch-0.1.27.jar;C:\Users\Administrator\.m2\repository\org\apache\maven\maven-monitor\2.0.6\maven-monitor-2.0.6.jar;C:\Users\Administrator\.m2\repository\org\apache\maven\maven-settings\2.0.6\maven-settings-2.0.6.jar;C:\Users\Administrator\.m2\repository\org\sonatype\plexus\plexus-build-api\0.0.4\plexus-build-api-0.0.4.jar;C:\Users\Administrator\.m2\repository\org\slf4j\jcl-over-slf4j\1.7.5\jcl-over-slf4j-1.7.5.jar;C:\Users\Administrator\.m2\repository\org\slf4j\slf4j-api\1.7.5\slf4j-api-1.7.5.jar;"/>
    <property name="java.vm.vendor" value="Oracle Corporation"/>
    <property name="sun.cpu.endian" value="little"/>
    <property name="java.vm.specification.vendor" value="Oracle Corporation"/>
    <property name="java.specification.version" value="1.7"/>
    <property name="user.script" value=""/>
    <property name="awt.toolkit" value="sun.awt.windows.WToolkit"/>
    <property name="sun.java.command" value="C:\Users\Administrator\AppData\Local\Temp\surefire5287454559753104433\surefirebooter7615620230130906319.jar C:\Users\Administrator\AppData\Local\Temp\surefire5287454559753104433 2018-08-24T14-20-26_833-jvmRun1 surefire5733956701274075844tmp surefire_03197531536143494698tmp"/>
    <property name="user.timezone" value=""/>
    <property name="surefire.test.class.path" value="D:\workspace-tomcat\tomcat-maven\target\test-classes;D:\workspace-tomcat\tomcat-maven\target\classes;C:\Users\Administrator\.m2\repository\junit\junit\4.11\junit-4.11.jar;C:\Users\Administrator\.m2\repository\org\hamcrest\hamcrest-core\1.3\hamcrest-core-1.3.jar;C:\Users\Administrator\.m2\repository\org\apache\tomcat\maven\tomcat7-maven-plugin\2.2\tomcat7-maven-plugin-2.2.jar;C:\Users\Administrator\.m2\repository\org\apache\tomcat\embed\tomcat-embed-core\7.0.47\tomcat-embed-core-7.0.47.jar;C:\Users\Administrator\.m2\repository\org\apache\tomcat\tomcat-util\7.0.47\tomcat-util-7.0.47.jar;C:\Users\Administrator\.m2\repository\org\apache\tomcat\tomcat-coyote\7.0.47\tomcat-coyote-7.0.47.jar;C:\Users\Administrator\.m2\repository\org\apache\tomcat\tomcat-api\7.0.47\tomcat-api-7.0.47.jar;C:\Users\Administrator\.m2\repository\org\apache\tomcat\tomcat-jdbc\7.0.47\tomcat-jdbc-7.0.47.jar;C:\Users\Administrator\.m2\repository\org\apache\tomcat\tomcat-dbcp\7.0.47\tomcat-dbcp-7.0.47.jar;C:\Users\Administrator\.m2\repository\org\apache\tomcat\tomcat-servlet-api\7.0.47\tomcat-servlet-api-7.0.47.jar;C:\Users\Administrator\.m2\repository\org\apache\tomcat\tomcat-jsp-api\7.0.47\tomcat-jsp-api-7.0.47.jar;C:\Users\Administrator\.m2\repository\org\apache\tomcat\tomcat-jasper\7.0.47\tomcat-jasper-7.0.47.jar;C:\Users\Administrator\.m2\repository\org\apache\tomcat\tomcat-jasper-el\7.0.47\tomcat-jasper-el-7.0.47.jar;C:\Users\Administrator\.m2\repository\org\apache\tomcat\tomcat-el-api\7.0.47\tomcat-el-api-7.0.47.jar;C:\Users\Administrator\.m2\repository\org\apache\tomcat\tomcat-catalina\7.0.47\tomcat-catalina-7.0.47.jar;C:\Users\Administrator\.m2\repository\org\apache\tomcat\tomcat-tribes\7.0.47\tomcat-tribes-7.0.47.jar;C:\Users\Administrator\.m2\repository\org\apache\tomcat\tomcat-catalina-ha\7.0.47\tomcat-catalina-ha-7.0.47.jar;C:\Users\Administrator\.m2\repository\org\apache\tomcat\tomcat-annotations-api\7.0.47\tomcat-annotations-api-7.0.47.jar;C:\Users\Administrator\.m2\repository\org\apache\tomcat\tomcat-juli\7.0.47\tomcat-juli-7.0.47.jar;C:\Users\Administrator\.m2\repository\org\apache\tomcat\embed\tomcat-embed-logging-juli\7.0.47\tomcat-embed-logging-juli-7.0.47.jar;C:\Users\Administrator\.m2\repository\org\apache\tomcat\embed\tomcat-embed-logging-log4j\7.0.47\tomcat-embed-logging-log4j-7.0.47.jar;C:\Users\Administrator\.m2\repository\org\eclipse\jdt\core\compiler\ecj\4.2.2\ecj-4.2.2.jar;C:\Users\Administrator\.m2\repository\org\apache\tomcat\maven\common-tomcat-maven-plugin\2.2\common-tomcat-maven-plugin-2.2.jar;C:\Users\Administrator\.m2\repository\org\apache\maven\maven-project\2.2.1\maven-project-2.2.1.jar;C:\Users\Administrator\.m2\repository\org\apache\maven\maven-profile\2.2.1\maven-profile-2.2.1.jar;C:\Users\Administrator\.m2\repository\org\apache\maven\maven-artifact-manager\2.2.1\maven-artifact-manager-2.2.1.jar;C:\Users\Administrator\.m2\repository\backport-util-concurrent\backport-util-concurrent\3.1\backport-util-concurrent-3.1.jar;C:\Users\Administrator\.m2\repository\org\apache\maven\maven-plugin-registry\2.2.1\maven-plugin-registry-2.2.1.jar;C:\Users\Administrator\.m2\repository\com\google\guava\guava\10.0.1\guava-10.0.1.jar;C:\Users\Administrator\.m2\repository\com\google\code\findbugs\jsr305\1.3.9\jsr305-1.3.9.jar;C:\Users\Administrator\.m2\repository\org\apache\httpcomponents\httpclient\4.3.1\httpclient-4.3.1.jar;C:\Users\Administrator\.m2\repository\org\apache\httpcomponents\httpcore\4.3\httpcore-4.3.jar;C:\Users\Administrator\.m2\repository\commons-logging\commons-logging\1.1.3\commons-logging-1.1.3.jar;C:\Users\Administrator\.m2\repository\org\codehaus\plexus\plexus-component-annotations\1.5.5\plexus-component-annotations-1.5.5.jar;C:\Users\Administrator\.m2\repository\commons-codec\commons-codec\1.6\commons-codec-1.6.jar;C:\Users\Administrator\.m2\repository\org\apache\tomcat\maven\tomcat7-war-runner\2.2\tomcat7-war-runner-2.2.jar;C:\Users\Administrator\.m2\repository\commons-cli\commons-cli\1.2\commons-cli-1.2.jar;C:\Users\Administrator\.m2\repository\org\apache\maven\maven-plugin-api\2.2.1\maven-plugin-api-2.2.1.jar;C:\Users\Administrator\.m2\repository\org\apache\maven\maven-archiver\2.4.2\maven-archiver-2.4.2.jar;C:\Users\Administrator\.m2\repository\org\apache\maven\maven-artifact\2.0.6\maven-artifact-2.0.6.jar;C:\Users\Administrator\.m2\repository\org\apache\maven\maven-model\2.0.6\maven-model-2.0.6.jar;C:\Users\Administrator\.m2\repository\org\codehaus\plexus\plexus-interpolation\1.13\plexus-interpolation-1.13.jar;C:\Users\Administrator\.m2\repository\org\codehaus\plexus\plexus-classworlds\2.2.2\plexus-classworlds-2.2.2.jar;C:\Users\Administrator\.m2\repository\commons-io\commons-io\2.2\commons-io-2.2.jar;C:\Users\Administrator\.m2\repository\commons-lang\commons-lang\2.6\commons-lang-2.6.jar;C:\Users\Administrator\.m2\repository\org\apache\commons\commons-compress\1.4.1\commons-compress-1.4.1.jar;C:\Users\Administrator\.m2\repository\org\tukaani\xz\1.0\xz-1.0.jar;C:\Users\Administrator\.m2\repository\org\codehaus\plexus\plexus-archiver\2.1.1\plexus-archiver-2.1.1.jar;C:\Users\Administrator\.m2\repository\org\codehaus\plexus\plexus-container-default\1.0-alpha-9-stable-1\plexus-container-default-1.0-alpha-9-stable-1.jar;C:\Users\Administrator\.m2\repository\classworlds\classworlds\1.1-alpha-2\classworlds-1.1-alpha-2.jar;C:\Users\Administrator\.m2\repository\org\codehaus\plexus\plexus-io\2.0.3\plexus-io-2.0.3.jar;C:\Users\Administrator\.m2\repository\org\codehaus\plexus\plexus-utils\3.0.15\plexus-utils-3.0.15.jar;C:\Users\Administrator\.m2\repository\org\apache\maven\shared\maven-filtering\1.0\maven-filtering-1.0.jar;C:\Users\Administrator\.m2\repository\org\apache\maven\maven-core\2.0.6\maven-core-2.0.6.jar;C:\Users\Administrator\.m2\repository\org\apache\maven\wagon\wagon-file\1.0-beta-2\wagon-file-1.0-beta-2.jar;C:\Users\Administrator\.m2\repository\org\apache\maven\maven-plugin-parameter-documenter\2.0.6\maven-plugin-parameter-documenter-2.0.6.jar;C:\Users\Administrator\.m2\repository\org\apache\maven\wagon\wagon-http-lightweight\1.0-beta-2\wagon-http-lightweight-1.0-beta-2.jar;C:\Users\Administrator\.m2\repository\org\apache\maven\wagon\wagon-http-shared\1.0-beta-2\wagon-http-shared-1.0-beta-2.jar;C:\Users\Administrator\.m2\repository\jtidy\jtidy\4aug2000r7-dev\jtidy-4aug2000r7-dev.jar;C:\Users\Administrator\.m2\repository\xml-apis\xml-apis\1.0.b2\xml-apis-1.0.b2.jar;C:\Users\Administrator\.m2\repository\org\apache\maven\reporting\maven-reporting-api\2.0.6\maven-reporting-api-2.0.6.jar;C:\Users\Administrator\.m2\repository\org\apache\maven\doxia\doxia-sink-api\1.0-alpha-7\doxia-sink-api-1.0-alpha-7.jar;C:\Users\Administrator\.m2\repository\org\apache\maven\wagon\wagon-provider-api\1.0-beta-2\wagon-provider-api-1.0-beta-2.jar;C:\Users\Administrator\.m2\repository\org\apache\maven\maven-repository-metadata\2.0.6\maven-repository-metadata-2.0.6.jar;C:\Users\Administrator\.m2\repository\org\apache\maven\maven-error-diagnostics\2.0.6\maven-error-diagnostics-2.0.6.jar;C:\Users\Administrator\.m2\repository\org\apache\maven\wagon\wagon-ssh-external\1.0-beta-2\wagon-ssh-external-1.0-beta-2.jar;C:\Users\Administrator\.m2\repository\org\apache\maven\wagon\wagon-ssh-common\1.0-beta-2\wagon-ssh-common-1.0-beta-2.jar;C:\Users\Administrator\.m2\repository\org\apache\maven\maven-plugin-descriptor\2.0.6\maven-plugin-descriptor-2.0.6.jar;C:\Users\Administrator\.m2\repository\org\codehaus\plexus\plexus-interactivity-api\1.0-alpha-4\plexus-interactivity-api-1.0-alpha-4.jar;C:\Users\Administrator\.m2\repository\org\apache\maven\wagon\wagon-ssh\1.0-beta-2\wagon-ssh-1.0-beta-2.jar;C:\Users\Administrator\.m2\repository\com\jcraft\jsch\0.1.27\jsch-0.1.27.jar;C:\Users\Administrator\.m2\repository\org\apache\maven\maven-monitor\2.0.6\maven-monitor-2.0.6.jar;C:\Users\Administrator\.m2\repository\org\apache\maven\maven-settings\2.0.6\maven-settings-2.0.6.jar;C:\Users\Administrator\.m2\repository\org\sonatype\plexus\plexus-build-api\0.0.4\plexus-build-api-0.0.4.jar;C:\Users\Administrator\.m2\repository\org\slf4j\jcl-over-slf4j\1.7.5\jcl-over-slf4j-1.7.5.jar;C:\Users\Administrator\.m2\repository\org\slf4j\slf4j-api\1.7.5\slf4j-api-1.7.5.jar;"/>
    <property name="java.runtime.version" value="1.7.0_80-b15"/>
    <property name="java.vendor" value="Oracle Corporation"/>
    <property name="sun.management.compiler" value="HotSpot 64-Bit Tiered Compilers"/>
    <property name="sun.arch.data.model" value="64"/>
    <property name="os.arch" value="amd64"/>
    <property name="sun.io.unicode.encoding" value="UnicodeLittle"/>
    <property name="java.awt.printerjob" value="sun.awt.windows.WPrinterJob"/>
    <property name="path.separator" value=";"/>
    <property name="java.runtime.name" value="Java(TM) SE Runtime Environment"/>
    <property name="java.vendor.url" value="http://java.oracle.com/"/>
    <property name="sun.boot.class.path" value="C:\Program Files\Java\jdk1.7.0_80\jre\lib\resources.jar;C:\Program Files\Java\jdk1.7.0_80\jre\lib\rt.jar;C:\Program Files\Java\jdk1.7.0_80\jre\lib\sunrsasign.jar;C:\Program Files\Java\jdk1.7.0_80\jre\lib\jsse.jar;C:\Program Files\Java\jdk1.7.0_80\jre\lib\jce.jar;C:\Program Files\Java\jdk1.7.0_80\jre\lib\charsets.jar;C:\Program Files\Java\jdk1.7.0_80\jre\lib\jfr.jar;C:\Program Files\Java\jdk1.7.0_80\jre\classes"/>
    <property name="surefire.real.class.path" value="C:\Users\Administrator\AppData\Local\Temp\surefire5287454559753104433\surefirebooter7615620230130906319.jar"/>
    <property name="java.endorsed.dirs" value="C:\Program Files\Java\jdk1.7.0_80\jre\lib\endorsed"/>
    <property name="sun.desktop" value="windows"/>
    <property name="java.vm.version" value="24.80-b11"/>
    <property name="os.name" value="Windows 7"/>
    <property name="java.vm.specification.version" value="1.7"/>
    <property name="sun.cpu.isalist" value="amd64"/>
    <property name="java.version" value="1.7.0_80"/>
    <property name="java.vm.specification.name" value="Java Virtual Machine Specification"/>
    <property name="java.ext.dirs" value="C:\Program Files\Java\jdk1.7.0_80\jre\lib\ext;C:\windows\Sun\Java\lib\ext"/>
    <property name="os.version" value="6.1"/>
    <property name="basedir" value="D:\workspace-tomcat\tomcat-maven"/>
    <property name="java.library.path" value="C:\Program Files\Java\jdk1.7.0_80\jre\bin;C:\windows\Sun\Java\bin;C:\windows\system32;C:\windows;C:\ProgramData\Oracle\Java\javapath;C:\windows\system32;C:\windows;C:\windows\System32\Wbem;C:\windows\System32\WindowsPowerShell\v1.0\;C:\Program Files (x86)\Microsoft SQL Server\100\Tools\Binn\;C:\Program Files\Microsoft SQL Server\100\Tools\Binn\;C:\Program Files\Microsoft SQL Server\100\DTS\Binn\;D:\opencv\opencv\build\x64\vc10\bin;C:\Program Files\TortoiseSVN\bin;%MAVEN_HOME%\bin;%JAVA_HOME%\bin;%JAVA_HOME%\jre\bin;C:\Program Files (x86)\MySQL\MySQL Fabric 1.5.4 &amp; MySQL Utilities 1.5.4 1.5\;C:\Program Files (x86)\MySQL\MySQL Fabric 1.5.4 &amp; MySQL Utilities 1.5.4 1.5\Doctrine extensions for PHP\;C:\Program Files\IDM Computer Solutions\UltraCompare;D:\tools\apache-ant-1.10.5\bin;D:\opencv\opencv\build\x64\vc10\bin;D:\tools\apache-maven-3.3.9\bin;;."/>
    <property name="java.awt.graphicsenv" value="sun.awt.Win32GraphicsEnvironment"/>
    <property name="java.vm.name" value="Java HotSpot(TM) 64-Bit Server VM"/>
    <property name="user.country" value="CN"/>
  </properties>
  <testcase name="shouldAnswerWithTrue" classname="tomcat_maven.tomcat_maven.AppTest" time="0.001"/>
</testsuite>